[32m[0523 11:00:00 @logger.py:74][0m Argv: reborn2.best.py --gpu 2
[32m[0523 11:00:00 @reborn2.best.py:69][0m random seed 1337
[32m[0523 11:00:03 @pytorch_utils.py:21][0m [36mArg Parameters: 
[0mname                  shape
--------------------  ----------------------
conv1_1.weight        [64L, 3L, 3L, 3L]
conv1_1.bias          [64L]
conv1_2.weight        [64L, 64L, 3L, 3L]
conv1_2.bias          [64L]
conv2_1.weight        [128L, 64L, 3L, 3L]
conv2_1.bias          [128L]
conv2_2.weight        [128L, 128L, 3L, 3L]
conv2_2.bias          [128L]
conv3_1.weight        [256L, 128L, 3L, 3L]
conv3_1.bias          [256L]
conv3_2.weight        [256L, 256L, 3L, 3L]
conv3_2.bias          [256L]
conv3_3.weight        [256L, 256L, 3L, 3L]
conv3_3.bias          [256L]
conv4_1.weight        [512L, 256L, 3L, 3L]
conv4_1.bias          [512L]
conv4_2.weight        [512L, 512L, 3L, 3L]
conv4_2.bias          [512L]
conv4_3.weight        [512L, 512L, 3L, 3L]
conv4_3.bias          [512L]
conv5_1.weight        [512L, 512L, 3L, 3L]
conv5_1.bias          [512L]
conv5_2.weight        [512L, 512L, 3L, 3L]
conv5_2.bias          [512L]
conv5_3.weight        [512L, 512L, 3L, 3L]
conv5_3.bias          [512L]
fc6.weight            [4096L, 512L, 7L, 7L]
fc6.bias              [4096L]
fc7.weight            [4096L, 4096L, 1L, 1L]
fc7.bias              [4096L]
score_fr.weight       [16L, 4096L, 1L, 1L]
score_fr.bias         [16L]
score_pool3.weight    [16L, 256L, 1L, 1L]
score_pool3.bias      [16L]
score_pool4.weight    [16L, 512L, 1L, 1L]
score_pool4.bias      [16L]
upscore2.weight       [16L, 16L, 4L, 4L]
upscore8.weight       [16L, 16L, 16L, 16L]
upscore_pool4.weight  [16L, 16L, 4L, 4L]
[32m[0523 11:00:03 @pytorch_utils.py:23][0m Seg_model (
  (conv1_1): Conv2d(3, 64, kernel_size=(3, 3), stride=(1, 1), padding=(100, 100))
  (relu1_1): ReLU (inplace)
  (conv1_2): Conv2d(64, 64, kernel_size=(3, 3), stride=(1, 1), padding=(1, 1))
  (relu1_2): ReLU (inplace)
  (pool1): MaxPool2d (size=(2, 2), stride=(2, 2), dilation=(1, 1))
  (conv2_1): Conv2d(64, 128, kernel_size=(3, 3), stride=(1, 1), padding=(1, 1))
  (relu2_1): ReLU (inplace)
  (conv2_2): Conv2d(128, 128, kernel_size=(3, 3), stride=(1, 1), padding=(1, 1))
  (relu2_2): ReLU (inplace)
  (pool2): MaxPool2d (size=(2, 2), stride=(2, 2), dilation=(1, 1))
  (conv3_1): Conv2d(128, 256, kernel_size=(3, 3), stride=(1, 1), padding=(1, 1))
  (relu3_1): ReLU (inplace)
  (conv3_2): Conv2d(256, 256, kernel_size=(3, 3), stride=(1, 1), padding=(1, 1))
  (relu3_2): ReLU (inplace)
  (conv3_3): Conv2d(256, 256, kernel_size=(3, 3), stride=(1, 1), padding=(1, 1))
  (relu3_3): ReLU (inplace)
  (pool3): MaxPool2d (size=(2, 2), stride=(2, 2), dilation=(1, 1))
  (conv4_1): Conv2d(256, 512, kernel_size=(3, 3), stride=(1, 1), padding=(1, 1))
  (relu4_1): ReLU (inplace)
  (conv4_2): Conv2d(512, 512, kernel_size=(3, 3), stride=(1, 1), padding=(1, 1))
  (relu4_2): ReLU (inplace)
  (conv4_3): Conv2d(512, 512, kernel_size=(3, 3), stride=(1, 1), padding=(1, 1))
  (relu4_3): ReLU (inplace)
  (pool4): MaxPool2d (size=(2, 2), stride=(2, 2), dilation=(1, 1))
  (conv5_1): Conv2d(512, 512, kernel_size=(3, 3), stride=(1, 1), padding=(1, 1))
  (relu5_1): ReLU (inplace)
  (conv5_2): Conv2d(512, 512, kernel_size=(3, 3), stride=(1, 1), padding=(1, 1))
  (relu5_2): ReLU (inplace)
  (conv5_3): Conv2d(512, 512, kernel_size=(3, 3), stride=(1, 1), padding=(1, 1))
  (relu5_3): ReLU (inplace)
  (pool5): MaxPool2d (size=(2, 2), stride=(2, 2), dilation=(1, 1))
  (fc6): Conv2d(512, 4096, kernel_size=(7, 7), stride=(1, 1))
  (relu6): ReLU (inplace)
  (drop6): Dropout2d (p=0.5)
  (fc7): Conv2d(4096, 4096, kernel_size=(1, 1), stride=(1, 1))
  (relu7): ReLU (inplace)
  (drop7): Dropout2d (p=0.5)
  (score_fr): Conv2d(4096, 16, kernel_size=(1, 1), stride=(1, 1))
  (score_pool3): Conv2d(256, 16, kernel_size=(1, 1), stride=(1, 1))
  (score_pool4): Conv2d(512, 16, kernel_size=(1, 1), stride=(1, 1))
  (upscore2): ConvTranspose2d(16, 16, kernel_size=(4, 4), stride=(2, 2), bias=False)
  (upscore8): ConvTranspose2d(16, 16, kernel_size=(16, 16), stride=(8, 8), bias=False)
  (upscore_pool4): ConvTranspose2d(16, 16, kernel_size=(4, 4), stride=(2, 2), bias=False)
)
[32m[0523 11:00:03 @pytorch_utils.py:21][0m [36mArg Parameters: 
[0mname               shape
-----------------  --------------------
conv1.weight       [64L, 16L, 4L, 4L]
conv1.bias         [64L]
conv2.weight       [128L, 64L, 4L, 4L]
conv2.bias         [128L]
conv3.weight       [256L, 128L, 4L, 4L]
conv3.bias         [256L]
conv4.weight       [512L, 256L, 4L, 4L]
conv4.bias         [512L]
classifier.weight  [1L, 512L, 4L, 4L]
classifier.bias    [1L]
[32m[0523 11:00:03 @pytorch_utils.py:23][0m Domain_classifer_forAdapSegNet (
  (conv1): Conv2d(16, 64, kernel_size=(4, 4), stride=(2, 2), padding=(1, 1))
  (conv2): Conv2d(64, 128, kernel_size=(4, 4), stride=(2, 2), padding=(1, 1))
  (conv3): Conv2d(128, 256, kernel_size=(4, 4), stride=(2, 2), padding=(1, 1))
  (conv4): Conv2d(256, 512, kernel_size=(4, 4), stride=(2, 2), padding=(1, 1))
  (classifier): Conv2d(512, 1, kernel_size=(4, 4), stride=(2, 2), padding=(1, 1))
  (leaky_relu): LeakyReLU (0.2, inplace)
)
[32m[0523 11:00:03 @pytorch_utils.py:41][0m [36mOptimzer Parameters: 
[0m  group    id  shape                      lr    weight_decay  requires_grad    volatile
-------  ----  ----------------------  -----  --------------  ---------------  ----------
      0     0  [64L, 3L, 3L, 3L]       1e-05          0.0005  True             False
      0     1  [64L, 64L, 3L, 3L]      1e-05          0.0005  True             False
      0     2  [128L, 64L, 3L, 3L]     1e-05          0.0005  True             False
      0     3  [128L, 128L, 3L, 3L]    1e-05          0.0005  True             False
      0     4  [256L, 128L, 3L, 3L]    1e-05          0.0005  True             False
      0     5  [256L, 256L, 3L, 3L]    1e-05          0.0005  True             False
      0     6  [256L, 256L, 3L, 3L]    1e-05          0.0005  True             False
      0     7  [512L, 256L, 3L, 3L]    1e-05          0.0005  True             False
      0     8  [512L, 512L, 3L, 3L]    1e-05          0.0005  True             False
      0     9  [512L, 512L, 3L, 3L]    1e-05          0.0005  True             False
      0    10  [512L, 512L, 3L, 3L]    1e-05          0.0005  True             False
      0    11  [512L, 512L, 3L, 3L]    1e-05          0.0005  True             False
      0    12  [512L, 512L, 3L, 3L]    1e-05          0.0005  True             False
      0    13  [4096L, 512L, 7L, 7L]   1e-05          0.0005  True             False
      0    14  [4096L, 4096L, 1L, 1L]  1e-05          0.0005  True             False
      0    15  [16L, 4096L, 1L, 1L]    1e-05          0.0005  True             False
      0    16  [16L, 256L, 1L, 1L]     1e-05          0.0005  True             False
      0    17  [16L, 512L, 1L, 1L]     1e-05          0.0005  True             False
      1     0  [64L]                   2e-05          0.0005  True             False
      1     1  [64L]                   2e-05          0.0005  True             False
      1     2  [128L]                  2e-05          0.0005  True             False
      1     3  [128L]                  2e-05          0.0005  True             False
      1     4  [256L]                  2e-05          0.0005  True             False
      1     5  [256L]                  2e-05          0.0005  True             False
      1     6  [256L]                  2e-05          0.0005  True             False
      1     7  [512L]                  2e-05          0.0005  True             False
      1     8  [512L]                  2e-05          0.0005  True             False
      1     9  [512L]                  2e-05          0.0005  True             False
      1    10  [512L]                  2e-05          0.0005  True             False
      1    11  [512L]                  2e-05          0.0005  True             False
      1    12  [512L]                  2e-05          0.0005  True             False
      1    13  [4096L]                 2e-05          0.0005  True             False
      1    14  [4096L]                 2e-05          0.0005  True             False
      1    15  [16L]                   2e-05          0.0005  True             False
      1    16  [16L]                   2e-05          0.0005  True             False
      1    17  [16L]                   2e-05          0.0005  True             False
[32m[0523 11:00:03 @pytorch_utils.py:41][0m [36mOptimzer Parameters: 
[0m  group    id  shape                    lr    weight_decay  requires_grad    volatile
-------  ----  --------------------  -----  --------------  ---------------  ----------
      0     0  [64L, 16L, 4L, 4L]    1e-05          0.0005  True             False
      0     1  [64L]                 1e-05          0.0005  True             False
      0     2  [128L, 64L, 4L, 4L]   1e-05          0.0005  True             False
      0     3  [128L]                1e-05          0.0005  True             False
      0     4  [256L, 128L, 4L, 4L]  1e-05          0.0005  True             False
      0     5  [256L]                1e-05          0.0005  True             False
      0     6  [512L, 256L, 4L, 4L]  1e-05          0.0005  True             False
      0     7  [512L]                1e-05          0.0005  True             False
      0     8  [1L, 512L, 4L, 4L]    1e-05          0.0005  True             False
      0     9  [1L]                  1e-05          0.0005  True             False
[32m[0523 11:00:03 @reborn2.best.py:415][0m train_loader length: 9300
[32m[0523 11:00:03 @reborn2.best.py:416][0m target_loader length: 2975
[32m[0523 11:00:03 @reborn2.best.py:421][0m iters_per_epoch :2974
[32m[0523 11:00:06 @reborn2.best.py:408][0m After weight Loss: seg_Loss=2.7731013298, distill_LOSS=0.0, src_dis_loss=1.02089285851, target_dis_loss=1.02089285851
[32m[0523 11:12:01 @reborn2.best.py:408][0m After weight Loss: seg_Loss=0.54786080122, distill_LOSS=0.817724168301, src_dis_loss=0.220284104347, target_dis_loss=0.466441869736
[32m[0523 11:23:59 @reborn2.best.py:408][0m After weight Loss: seg_Loss=0.814097464085, distill_LOSS=0.922738194466, src_dis_loss=0.264785289764, target_dis_loss=0.351738065481
[32m[0523 11:35:56 @reborn2.best.py:408][0m After weight Loss: seg_Loss=0.830233931541, distill_LOSS=0.976170182228, src_dis_loss=0.192513525486, target_dis_loss=0.343630880117
[32m[0523 11:47:53 @reborn2.best.py:408][0m After weight Loss: seg_Loss=0.635158658028, distill_LOSS=0.988968133926, src_dis_loss=0.213478967547, target_dis_loss=0.310329198837
[32m[0523 11:59:50 @reborn2.best.py:408][0m After weight Loss: seg_Loss=0.61010658741, distill_LOSS=0.939597606659, src_dis_loss=0.212080210447, target_dis_loss=0.338213860989
[32m[0523 12:11:08 @reborn2.best.py:231][0m start validation....
[32m[0523 12:15:35 @reborn2.best.py:265][0m iteration=2973,epoch=0,validation mIoU = 0.257113583693
[32m[0523 12:16:18 @reborn2.best.py:408][0m After weight Loss: seg_Loss=0.2912979424, distill_LOSS=1.05386829376, src_dis_loss=0.214898645878, target_dis_loss=0.274987071753
[32m[0523 12:28:13 @reborn2.best.py:408][0m After weight Loss: seg_Loss=0.492987900972, distill_LOSS=0.987516403198, src_dis_loss=0.23130273819, target_dis_loss=0.383199602365
[32m[0523 12:40:10 @reborn2.best.py:408][0m After weight Loss: seg_Loss=0.219000697136, distill_LOSS=1.00793683529, src_dis_loss=0.192323043942, target_dis_loss=0.285043358803
[32m[0523 12:52:07 @reborn2.best.py:408][0m After weight Loss: seg_Loss=0.441622316837, distill_LOSS=1.07503640652, src_dis_loss=0.287342309952, target_dis_loss=0.259324073792
[32m[0523 13:04:03 @reborn2.best.py:408][0m After weight Loss: seg_Loss=0.407786160707, distill_LOSS=0.992497801781, src_dis_loss=0.203766047955, target_dis_loss=0.341114044189
[32m[0523 13:16:00 @reborn2.best.py:408][0m After weight Loss: seg_Loss=0.510389864445, distill_LOSS=1.00958919525, src_dis_loss=0.272045373917, target_dis_loss=0.258253186941
[32m[0523 13:26:41 @reborn2.best.py:231][0m start validation....
[32m[0523 13:31:10 @reborn2.best.py:265][0m iteration=5947,epoch=1,validation mIoU = 0.239918265348
[32m[0523 13:32:28 @reborn2.best.py:408][0m After weight Loss: seg_Loss=0.516948223114, distill_LOSS=1.08477556705, src_dis_loss=0.207119464874, target_dis_loss=0.266285479069
[32m[0523 13:44:25 @reborn2.best.py:408][0m After weight Loss: seg_Loss=0.804341733456, distill_LOSS=1.0056194067, src_dis_loss=0.239938020706, target_dis_loss=0.318010985851
[32m[0523 13:56:23 @reborn2.best.py:408][0m After weight Loss: seg_Loss=0.427877634764, distill_LOSS=0.991665124893, src_dis_loss=0.199389129877, target_dis_loss=0.281166642904
[32m[0523 14:08:21 @reborn2.best.py:408][0m After weight Loss: seg_Loss=0.416407346725, distill_LOSS=1.0109924078, src_dis_loss=0.209810346365, target_dis_loss=0.335427135229
[32m[0523 14:20:19 @reborn2.best.py:408][0m After weight Loss: seg_Loss=0.439524799585, distill_LOSS=1.13497781754, src_dis_loss=0.281925290823, target_dis_loss=0.267300009727
[32m[0523 14:32:18 @reborn2.best.py:408][0m After weight Loss: seg_Loss=0.24475620687, distill_LOSS=1.08064341545, src_dis_loss=0.297497808933, target_dis_loss=0.338308632374
[32m[0523 14:42:23 @reborn2.best.py:231][0m start validation....
[32m[0523 14:46:54 @reborn2.best.py:265][0m iteration=8921,epoch=2,validation mIoU = 0.267626337014
[32m[0523 14:48:51 @reborn2.best.py:408][0m After weight Loss: seg_Loss=0.609926104546, distill_LOSS=1.09242808819, src_dis_loss=0.271596908569, target_dis_loss=0.211784049869
[32m[0523 15:00:49 @reborn2.best.py:408][0m After weight Loss: seg_Loss=0.412247389555, distill_LOSS=1.11937427521, src_dis_loss=0.225615918636, target_dis_loss=0.245421916246
[32m[0523 15:12:48 @reborn2.best.py:408][0m After weight Loss: seg_Loss=0.263095468283, distill_LOSS=1.12026548386, src_dis_loss=0.256545603275, target_dis_loss=0.26470258832
[32m[0523 15:24:46 @reborn2.best.py:408][0m After weight Loss: seg_Loss=0.553004026413, distill_LOSS=1.11707401276, src_dis_loss=0.252973258495, target_dis_loss=0.227256566286
[32m[0523 15:36:44 @reborn2.best.py:408][0m After weight Loss: seg_Loss=0.518924772739, distill_LOSS=1.06272804737, src_dis_loss=0.217960014939, target_dis_loss=0.322751969099
[32m[0523 15:48:42 @reborn2.best.py:408][0m After weight Loss: seg_Loss=0.415981799364, distill_LOSS=1.07868313789, src_dis_loss=0.201274037361, target_dis_loss=0.280182540417
[32m[0523 15:58:09 @reborn2.best.py:231][0m start validation....
[32m[0523 16:02:38 @reborn2.best.py:265][0m iteration=11895,epoch=3,validation mIoU = 0.261513644419
[32m[0523 16:05:12 @reborn2.best.py:408][0m After weight Loss: seg_Loss=0.267427772284, distill_LOSS=1.11934351921, src_dis_loss=0.213854983449, target_dis_loss=0.341410219669
[32m[0523 16:17:10 @reborn2.best.py:408][0m After weight Loss: seg_Loss=0.306337803602, distill_LOSS=1.14379394054, src_dis_loss=0.266708493233, target_dis_loss=0.294594764709
[32m[0523 16:29:08 @reborn2.best.py:408][0m After weight Loss: seg_Loss=0.229559898376, distill_LOSS=1.04998636246, src_dis_loss=0.207064092159, target_dis_loss=0.237704247236
[32m[0523 16:41:05 @reborn2.best.py:408][0m After weight Loss: seg_Loss=0.769161641598, distill_LOSS=1.11955070496, src_dis_loss=0.343106925488, target_dis_loss=0.246879070997
[32m[0523 16:53:03 @reborn2.best.py:408][0m After weight Loss: seg_Loss=0.42366707325, distill_LOSS=1.10198426247, src_dis_loss=0.305982470512, target_dis_loss=0.344563484192
[32m[0523 17:05:01 @reborn2.best.py:408][0m After weight Loss: seg_Loss=0.360226899385, distill_LOSS=1.04165327549, src_dis_loss=0.227800577879, target_dis_loss=0.323698759079
[32m[0523 17:13:51 @reborn2.best.py:231][0m start validation....
[32m[0523 17:18:22 @reborn2.best.py:265][0m iteration=14869,epoch=4,validation mIoU = 0.281469014922
[32m[0523 17:21:34 @reborn2.best.py:408][0m After weight Loss: seg_Loss=0.542241454124, distill_LOSS=1.12445604801, src_dis_loss=0.239539459348, target_dis_loss=0.243594333529
[32m[0523 17:33:32 @reborn2.best.py:408][0m After weight Loss: seg_Loss=0.393348634243, distill_LOSS=1.01244342327, src_dis_loss=0.188285171986, target_dis_loss=0.316026479006
[32m[0523 17:45:29 @reborn2.best.py:408][0m After weight Loss: seg_Loss=0.374582797289, distill_LOSS=1.05501663685, src_dis_loss=0.224319577217, target_dis_loss=0.349468052387
[32m[0523 17:57:26 @reborn2.best.py:408][0m After weight Loss: seg_Loss=0.30928888917, distill_LOSS=1.06708192825, src_dis_loss=0.216793864965, target_dis_loss=0.248266845942
[32m[0523 18:09:22 @reborn2.best.py:408][0m After weight Loss: seg_Loss=0.542944252491, distill_LOSS=1.1088322401, src_dis_loss=0.271424740553, target_dis_loss=0.264841735363
[32m[0523 18:21:19 @reborn2.best.py:408][0m After weight Loss: seg_Loss=0.515229701996, distill_LOSS=1.12384855747, src_dis_loss=0.26480025053, target_dis_loss=0.243519037962
[32m[0523 18:29:31 @reborn2.best.py:231][0m start validation....
[32m[0523 18:34:00 @reborn2.best.py:265][0m iteration=17843,epoch=5,validation mIoU = 0.297126363699
[32m[0523 18:37:49 @reborn2.best.py:408][0m After weight Loss: seg_Loss=0.362258940935, distill_LOSS=1.02539169788, src_dis_loss=0.248865604401, target_dis_loss=0.32203489542
[32m[0523 18:49:46 @reborn2.best.py:408][0m After weight Loss: seg_Loss=0.357394427061, distill_LOSS=1.074000597, src_dis_loss=0.2040117383, target_dis_loss=0.388571113348
[32m[0523 19:01:43 @reborn2.best.py:408][0m After weight Loss: seg_Loss=0.377587467432, distill_LOSS=1.09973955154, src_dis_loss=0.281975954771, target_dis_loss=0.263495922089
[32m[0523 19:13:40 @reborn2.best.py:408][0m After weight Loss: seg_Loss=0.386138856411, distill_LOSS=1.05066013336, src_dis_loss=0.155615329742, target_dis_loss=0.268855929375
[32m[0523 19:25:39 @reborn2.best.py:408][0m After weight Loss: seg_Loss=0.78489780426, distill_LOSS=1.09269714355, src_dis_loss=0.324917733669, target_dis_loss=0.238242954016
[32m[0523 19:37:35 @reborn2.best.py:408][0m After weight Loss: seg_Loss=0.305408805609, distill_LOSS=1.08798909187, src_dis_loss=0.277893185616, target_dis_loss=0.290851384401
[32m[0523 19:45:09 @reborn2.best.py:231][0m start validation....
[32m[0523 19:49:39 @reborn2.best.py:265][0m iteration=20817,epoch=6,validation mIoU = 0.215376547472
[32m[0523 19:49:41 @pytorch_utils.py:54][0m [5m[31mWRN[0m epoch 7: base model lr changed from: 1e-05 to 1e-06
[32m[0523 19:49:41 @pytorch_utils.py:54][0m [5m[31mWRN[0m epoch 7: discriminater model lr changed from: 1e-05 to 1e-06
[32m[0523 19:54:04 @reborn2.best.py:408][0m After weight Loss: seg_Loss=0.295569181442, distill_LOSS=1.12457215786, src_dis_loss=0.30902209878, target_dis_loss=0.27947229147
[32m[0523 20:06:02 @reborn2.best.py:408][0m After weight Loss: seg_Loss=0.557128369808, distill_LOSS=1.13520932198, src_dis_loss=0.267912268639, target_dis_loss=0.232510790229
[32m[0523 20:17:58 @reborn2.best.py:408][0m After weight Loss: seg_Loss=0.353365153074, distill_LOSS=1.09528052807, src_dis_loss=0.244360893965, target_dis_loss=0.299321174622
[32m[0523 20:29:56 @reborn2.best.py:408][0m After weight Loss: seg_Loss=0.425249934196, distill_LOSS=1.12048375607, src_dis_loss=0.223910540342, target_dis_loss=0.244121924043
[32m[0523 20:41:54 @reborn2.best.py:408][0m After weight Loss: seg_Loss=0.234579205513, distill_LOSS=1.14497458935, src_dis_loss=0.229728385806, target_dis_loss=0.241230398417
[32m[0523 20:53:51 @reborn2.best.py:408][0m After weight Loss: seg_Loss=0.62827539444, distill_LOSS=1.08400952816, src_dis_loss=0.277256608009, target_dis_loss=0.268708586693
[32m[0523 21:00:48 @reborn2.best.py:231][0m start validation....
[32m[0523 21:05:18 @reborn2.best.py:265][0m iteration=23791,epoch=7,validation mIoU = 0.211054222257
[32m[0523 21:10:20 @reborn2.best.py:408][0m After weight Loss: seg_Loss=0.410309523344, distill_LOSS=1.1540902853, src_dis_loss=0.243811190128, target_dis_loss=0.226985961199
[32m[0523 21:22:18 @reborn2.best.py:408][0m After weight Loss: seg_Loss=0.22553768754, distill_LOSS=1.12926375866, src_dis_loss=0.235511854291, target_dis_loss=0.265520513058
[32m[0523 21:34:16 @reborn2.best.py:408][0m After weight Loss: seg_Loss=0.468961179256, distill_LOSS=1.13003480434, src_dis_loss=0.278655767441, target_dis_loss=0.274364203215
[32m[0523 21:46:13 @reborn2.best.py:408][0m After weight Loss: seg_Loss=0.243739560246, distill_LOSS=1.12729811668, src_dis_loss=0.23511454463, target_dis_loss=0.270160973072
[32m[0523 21:58:10 @reborn2.best.py:408][0m After weight Loss: seg_Loss=0.226493984461, distill_LOSS=1.12290132046, src_dis_loss=0.225896194577, target_dis_loss=0.248590111732
[32m[0523 22:10:07 @reborn2.best.py:408][0m After weight Loss: seg_Loss=0.475840687752, distill_LOSS=1.12087965012, src_dis_loss=0.250202298164, target_dis_loss=0.24284490943
[32m[0523 22:16:28 @reborn2.best.py:231][0m start validation....
[32m[0523 22:20:58 @reborn2.best.py:265][0m iteration=26765,epoch=8,validation mIoU = 0.213385319883
[32m[0523 22:26:38 @reborn2.best.py:408][0m After weight Loss: seg_Loss=0.241523504257, distill_LOSS=1.1225528717, src_dis_loss=0.247195541859, target_dis_loss=0.267892062664
[32m[0523 22:38:36 @reborn2.best.py:408][0m After weight Loss: seg_Loss=0.338957875967, distill_LOSS=1.10897314548, src_dis_loss=0.256825685501, target_dis_loss=0.255734473467
[32m[0523 22:50:33 @reborn2.best.py:408][0m After weight Loss: seg_Loss=0.21909442544, distill_LOSS=1.07083892822, src_dis_loss=0.244425952435, target_dis_loss=0.294194996357
[32m[0523 23:02:30 @reborn2.best.py:408][0m After weight Loss: seg_Loss=0.296406298876, distill_LOSS=1.16518294811, src_dis_loss=0.255818426609, target_dis_loss=0.239200681448
[32m[0523 23:14:28 @reborn2.best.py:408][0m After weight Loss: seg_Loss=0.183514848351, distill_LOSS=1.11898767948, src_dis_loss=0.244058594108, target_dis_loss=0.251828670502
[32m[0523 23:26:25 @reborn2.best.py:408][0m After weight Loss: seg_Loss=0.234995260835, distill_LOSS=1.09267771244, src_dis_loss=0.227296769619, target_dis_loss=0.278170526028
[32m[0523 23:32:08 @reborn2.best.py:231][0m start validation....
[32m[0523 23:36:37 @reborn2.best.py:265][0m iteration=29739,epoch=9,validation mIoU = 0.202292011154
[32m[0523 23:42:54 @reborn2.best.py:408][0m After weight Loss: seg_Loss=0.714063882828, distill_LOSS=1.13165748119, src_dis_loss=0.248378887773, target_dis_loss=0.250943720341
[32m[0523 23:54:51 @reborn2.best.py:408][0m After weight Loss: seg_Loss=0.25854536891, distill_LOSS=1.10676908493, src_dis_loss=0.258470416069, target_dis_loss=0.260244965553
[32m[0524 00:06:47 @reborn2.best.py:408][0m After weight Loss: seg_Loss=0.280451595783, distill_LOSS=1.11746621132, src_dis_loss=0.238184586167, target_dis_loss=0.261188328266
[32m[0524 00:18:44 @reborn2.best.py:408][0m After weight Loss: seg_Loss=0.309358119965, distill_LOSS=1.10872721672, src_dis_loss=0.23253890872, target_dis_loss=0.236578851938
[32m[0524 00:30:42 @reborn2.best.py:408][0m After weight Loss: seg_Loss=0.323832511902, distill_LOSS=1.1151497364, src_dis_loss=0.22713893652, target_dis_loss=0.260543882847
[32m[0524 00:42:39 @reborn2.best.py:408][0m After weight Loss: seg_Loss=0.405659914017, distill_LOSS=1.11410999298, src_dis_loss=0.260818094015, target_dis_loss=0.24600058794
[32m[0524 00:47:45 @reborn2.best.py:231][0m start validation....
[32m[0524 00:52:16 @reborn2.best.py:265][0m iteration=32713,epoch=10,validation mIoU = 0.213310433341
[32m[0524 00:52:18 @pytorch_utils.py:54][0m [5m[31mWRN[0m epoch 11: base model lr changed from: 1e-06 to 1e-07
[32m[0524 00:52:18 @pytorch_utils.py:54][0m [5m[31mWRN[0m epoch 11: discriminater model lr changed from: 1e-06 to 1e-07
[32m[0524 00:59:11 @reborn2.best.py:408][0m After weight Loss: seg_Loss=0.276334196329, distill_LOSS=1.1036823988, src_dis_loss=0.241876393557, target_dis_loss=0.263217151165
[32m[0524 01:11:08 @reborn2.best.py:408][0m After weight Loss: seg_Loss=0.208647117019, distill_LOSS=1.13750469685, src_dis_loss=0.220193892717, target_dis_loss=0.249735727906
[32m[0524 01:23:06 @reborn2.best.py:408][0m After weight Loss: seg_Loss=0.223815098405, distill_LOSS=1.10332596302, src_dis_loss=0.232910797, target_dis_loss=0.279857605696
[32m[0524 01:35:03 @reborn2.best.py:408][0m After weight Loss: seg_Loss=1.14768457413, distill_LOSS=1.13193964958, src_dis_loss=0.347190082073, target_dis_loss=0.246910393238
[32m[0524 01:47:01 @reborn2.best.py:408][0m After weight Loss: seg_Loss=0.382048249245, distill_LOSS=1.09037852287, src_dis_loss=0.277656674385, target_dis_loss=0.278878986835
[32m[0524 01:58:59 @reborn2.best.py:408][0m After weight Loss: seg_Loss=0.209320425987, distill_LOSS=1.12484478951, src_dis_loss=0.227804422379, target_dis_loss=0.252985656261
[32m[0524 02:03:27 @reborn2.best.py:231][0m start validation....
[32m[0524 02:07:57 @reborn2.best.py:265][0m iteration=35687,epoch=11,validation mIoU = 0.208765703574
[32m[0524 02:15:29 @reborn2.best.py:408][0m After weight Loss: seg_Loss=0.241740122437, distill_LOSS=1.12920379639, src_dis_loss=0.226268932223, target_dis_loss=0.242836773396
[32m[0524 02:27:25 @reborn2.best.py:408][0m After weight Loss: seg_Loss=0.195807382464, distill_LOSS=1.07936501503, src_dis_loss=0.23091173172, target_dis_loss=0.294652998447
[32m[0524 02:39:22 @reborn2.best.py:408][0m After weight Loss: seg_Loss=0.20378690958, distill_LOSS=1.10868775845, src_dis_loss=0.228297606111, target_dis_loss=0.282404631376
[32m[0524 02:51:20 @reborn2.best.py:408][0m After weight Loss: seg_Loss=0.303020566702, distill_LOSS=1.11060261726, src_dis_loss=0.236894875765, target_dis_loss=0.25843796134
[32m[0524 03:03:16 @reborn2.best.py:408][0m After weight Loss: seg_Loss=0.426331311464, distill_LOSS=1.07020783424, src_dis_loss=0.233159065247, target_dis_loss=0.310502767563
[32m[0524 03:15:13 @reborn2.best.py:408][0m After weight Loss: seg_Loss=0.904886960983, distill_LOSS=1.0821737051, src_dis_loss=0.308414369822, target_dis_loss=0.300101399422
[32m[0524 03:19:04 @reborn2.best.py:231][0m start validation....
[32m[0524 03:23:34 @reborn2.best.py:265][0m iteration=38661,epoch=12,validation mIoU = 0.210167271484
[32m[0524 03:31:43 @reborn2.best.py:408][0m After weight Loss: seg_Loss=0.41473543644, distill_LOSS=1.1136494875, src_dis_loss=0.266417860985, target_dis_loss=0.263475120068
[32m[0524 03:43:39 @reborn2.best.py:408][0m After weight Loss: seg_Loss=0.221365392208, distill_LOSS=1.12774991989, src_dis_loss=0.213047862053, target_dis_loss=0.243257597089
[32m[0524 03:55:35 @reborn2.best.py:408][0m After weight Loss: seg_Loss=0.435183614492, distill_LOSS=1.07591891289, src_dis_loss=0.26211181283, target_dis_loss=0.280606627464
[32m[0524 04:07:31 @reborn2.best.py:408][0m After weight Loss: seg_Loss=0.223491862416, distill_LOSS=1.1104850769, src_dis_loss=0.205013990402, target_dis_loss=0.261263728142
[32m[0524 04:19:28 @reborn2.best.py:408][0m After weight Loss: seg_Loss=0.337969571352, distill_LOSS=1.10679280758, src_dis_loss=0.251378983259, target_dis_loss=0.257658600807
[32m[0524 04:31:24 @reborn2.best.py:408][0m After weight Loss: seg_Loss=0.360953122377, distill_LOSS=1.08801043034, src_dis_loss=0.237382382154, target_dis_loss=0.271084547043
[32m[0524 04:34:37 @reborn2.best.py:231][0m start validation....
[32m[0524 04:39:08 @reborn2.best.py:265][0m iteration=41635,epoch=13,validation mIoU = 0.211241924328
[32m[0524 04:47:54 @reborn2.best.py:408][0m After weight Loss: seg_Loss=0.461974471807, distill_LOSS=1.13942217827, src_dis_loss=0.298962295055, target_dis_loss=0.249103605747
[32m[0524 04:59:50 @reborn2.best.py:408][0m After weight Loss: seg_Loss=0.491148203611, distill_LOSS=1.12695431709, src_dis_loss=0.255542844534, target_dis_loss=0.248545348644
[32m[0524 05:11:46 @reborn2.best.py:408][0m After weight Loss: seg_Loss=0.363595128059, distill_LOSS=1.11965560913, src_dis_loss=0.274016261101, target_dis_loss=0.267693161964
[32m[0524 05:23:43 @reborn2.best.py:408][0m After weight Loss: seg_Loss=0.230497732759, distill_LOSS=1.11434030533, src_dis_loss=0.224928557873, target_dis_loss=0.263030469418
[32m[0524 05:35:39 @reborn2.best.py:408][0m After weight Loss: seg_Loss=0.389224380255, distill_LOSS=1.12408983707, src_dis_loss=0.2792763412, target_dis_loss=0.261080592871
[32m[0524 05:47:36 @reborn2.best.py:408][0m After weight Loss: seg_Loss=0.295333594084, distill_LOSS=1.09563183784, src_dis_loss=0.229463994503, target_dis_loss=0.281903505325
[32m[0524 05:50:12 @reborn2.best.py:231][0m start validation....
[32m[0524 05:54:43 @reborn2.best.py:265][0m iteration=44609,epoch=14,validation mIoU = 0.210927627845
